<?xml version="1.0" encoding="UTF-8"?>
<!-- Generated by org.testng.reporters.JUnitXMLReporter -->
<testsuite ignored="0" hostname="LAPTOP-978CN6RD" failures="0" tests="1" name="Default test" time="0.061" errors="0" timestamp="2022-08-20T16:03:34 IST">
  <testcase classname="TestClasses.VerifyRecargaCelular_page" name="@BeforeTest launchCrossBrowser" time="-1.660991614499E9">
    <failure type="org.testng.TestNGException" message="
Parameter &amp;apos;browserName&amp;apos; is required by BeforeTest on method launchCrossBrowser but has not been marked @Optional or defined
in C:\Users\vijay\AppData\Local\Temp\testng-eclipse-2133115993\testng-customsuite.xml">
      <![CDATA[org.testng.TestNGException: 
Parameter 'browserName' is required by BeforeTest on method launchCrossBrowser but has not been marked @Optional or defined
in C:\Users\vijay\AppData\Local\Temp\testng-eclipse-2133115993\testng-customsuite.xml
at org.testng.internal.Parameters.createParams(Parameters.java:270)
at org.testng.internal.Parameters.createParametersForMethod(Parameters.java:358)
at org.testng.internal.Parameters.createParameters(Parameters.java:700)
at org.testng.internal.Parameters.createConfigurationParameters(Parameters.java:168)
at org.testng.internal.ConfigInvoker.invokeConfigurations(ConfigInvoker.java:302)
at org.testng.TestRunner.invokeTestConfigurations(TestRunner.java:637)
at org.testng.TestRunner.beforeRun(TestRunner.java:627)
at org.testng.TestRunner.run(TestRunner.java:589)
at org.testng.SuiteRunner.runTest(SuiteRunner.java:377)
at org.testng.SuiteRunner.runSequentially(SuiteRunner.java:371)
at org.testng.SuiteRunner.privateRun(SuiteRunner.java:332)
at org.testng.SuiteRunner.run(SuiteRunner.java:276)
at org.testng.SuiteRunnerWorker.runSuite(SuiteRunnerWorker.java:53)
at org.testng.SuiteRunnerWorker.run(SuiteRunnerWorker.java:96)
at org.testng.TestNG.runSuitesSequentially(TestNG.java:1212)
at org.testng.TestNG.runSuitesLocally(TestNG.java:1134)
at org.testng.TestNG.runSuites(TestNG.java:1063)
at org.testng.TestNG.run(TestNG.java:1031)
at org.testng.remote.AbstractRemoteTestNG.run(AbstractRemoteTestNG.java:115)
at org.testng.remote.RemoteTestNG.initAndRun(RemoteTestNG.java:251)
at org.testng.remote.RemoteTestNG.main(RemoteTestNG.java:77)
]]>
    </failure>
  </testcase> <!-- @BeforeTest launchCrossBrowser -->
  <testcase classname="TestClasses.VerifyRecargaCelular_page" name="@BeforeClass createPOMClassObj" time="-1.660991614529E9">
    <skipped/>
  </testcase> <!-- @BeforeClass createPOMClassObj -->
  <testcase classname="TestClasses.VerifyRecargaCelular_page" name="@BeforeMethod launchApplication" time="-1.660991614542E9">
    <skipped/>
  </testcase> <!-- @BeforeMethod launchApplication -->
  <testcase classname="TestClasses.VerifyRecargaCelular_page" name="@AfterMethod logoutApplication" time="-1.660991614549E9">
    <skipped/>
  </testcase> <!-- @AfterMethod logoutApplication -->
  <testcase classname="TestClasses.VerifyRecargaCelular_page" name="@AfterClass clearObject" time="-1.660991614551E9">
    <skipped/>
  </testcase> <!-- @AfterClass clearObject -->
  <testcase classname="TestClasses.VerifyRecargaCelular_page" name="@AfterTest closeBrowser" time="-1.660991614555E9">
    <skipped/>
  </testcase> <!-- @AfterTest closeBrowser -->
  <testcase classname="TestClasses.VerifyRecargaCelular_page" name="verifyPaymentPageDisplayOrNot" time="0.0">
    <skipped/>
  </testcase> <!-- verifyPaymentPageDisplayOrNot -->
</testsuite> <!-- Default test -->
